<?xml version="1.0" encoding="UTF-8"?>
<testsuite xmlns:xsi="http://www.w3.org/2001/XMLSchema-instance" xsi:noNamespaceSchemaLocation="https://maven.apache.org/surefire/maven-surefire-plugin/xsd/surefire-test-report.xsd" version="3.0.1" name="com.fbp.engine.node.FinalIntegrationTest" time="30.066" tests="7" errors="0" skipped="0" failures="0">
  <properties>
[...]
</properties>
  <testcase name="test1" classname="com.fbp.engine.node.FinalIntegrationTest" time="0.008">
    <system-out><![CDATA[[Engine] 플로우 'final-monitoring' 등록됨
[normal-collector] initialized
[alert-collector] initialized
[sensor-1] initialized
[threshold-1] initialized
[timer-1] initialized
[file-writer-1] initialized
[Engine] 플로우 'final-monitoring' 시작됨
[sensor-1] processing message...
[normal-collector] shutdown
[alert-collector] shutdown
[sensor-1] shutdown
[threshold-1] shutdown
[timer-1] shutdown
[threshold-1] processing message...
[alert-collector] processing message...
[alert-collector] done
[threshold-1] done
[sensor-1] done
[file-writer-1] shutdown
[Engine] 엔진 종료됨
[normal-collector] shutdown
[alert-collector] shutdown
[sensor-1] shutdown
[threshold-1] shutdown
[timer-1] shutdown
[file-writer-1] shutdown
[Engine] 엔진 종료됨
]]></system-out>
  </testcase>
  <testcase name="test2" classname="com.fbp.engine.node.FinalIntegrationTest" time="5.006">
    <system-out><![CDATA[[Engine] 플로우 'final-monitoring' 등록됨
[normal-collector] initialized
[alert-collector] initialized
[sensor-1] initialized
[threshold-1] initialized
[timer-1] initialized
[file-writer-1] initialized
[Engine] 플로우 'final-monitoring' 시작됨
[sensor-1] processing message...
[threshold-1] processing message...
[alert-collector] processing message...
[alert-collector] done
[threshold-1] done
[sensor-1] done
[sensor-1] processing message...
[threshold-1] processing message...
[normal-collector] processing message...
[normal-collector] done
[file-writer-1] processing message...
[file-writer-1] done
[threshold-1] done
[sensor-1] done
[sensor-1] processing message...
[threshold-1] processing message...
[normal-collector] processing message...
[normal-collector] done
[file-writer-1] processing message...
[file-writer-1] done
[threshold-1] done
[sensor-1] done
[sensor-1] processing message...
[threshold-1] processing message...
[alert-collector] processing message...
[alert-collector] done
[threshold-1] done
[sensor-1] done
[sensor-1] processing message...
[threshold-1] processing message...
[normal-collector] processing message...
[normal-collector] done
[file-writer-1] processing message...
[file-writer-1] done
[threshold-1] done
[sensor-1] done
[sensor-1] processing message...
[threshold-1] processing message...
[normal-collector] processing message...
[normal-collector] done
[file-writer-1] processing message...
[file-writer-1] done
[threshold-1] done
[sensor-1] done
[sensor-1] processing message...
[threshold-1] processing message...
[normal-collector] processing message...
[normal-collector] done
[file-writer-1] processing message...
[file-writer-1] done
[threshold-1] done
[sensor-1] done
[sensor-1] processing message...
[threshold-1] processing message...
[normal-collector] processing message...
[normal-collector] done
[file-writer-1] processing message...
[file-writer-1] done
[threshold-1] done
[sensor-1] done
[sensor-1] processing message...
[threshold-1] processing message...
[normal-collector] processing message...
[normal-collector] done
[file-writer-1] processing message...
[file-writer-1] done
[threshold-1] done
[sensor-1] done
[sensor-1] processing message...
[threshold-1] processing message...
[normal-collector] processing message...
[normal-collector] done
[file-writer-1] processing message...
[file-writer-1] done
[threshold-1] done
[sensor-1] done
[normal-collector] shutdown
[alert-collector] shutdown
[sensor-1] shutdown
[threshold-1] shutdown
[timer-1] shutdown
[file-writer-1] shutdown
[Engine] 엔진 종료됨
[normal-collector] shutdown
[alert-collector] shutdown
[sensor-1] shutdown
[threshold-1] shutdown
[timer-1] shutdown
[file-writer-1] shutdown
[Engine] 엔진 종료됨
]]></system-out>
  </testcase>
  <testcase name="test3" classname="com.fbp.engine.node.FinalIntegrationTest" time="5.008">
    <system-out><![CDATA[[Engine] 플로우 'final-monitoring' 등록됨
[normal-collector] initialized
[alert-collector] initialized
[sensor-1] initialized
[threshold-1] initialized
[timer-1] initialized
[file-writer-1] initialized
[Engine] 플로우 'final-monitoring' 시작됨
[sensor-1] processing message...
[threshold-1] processing message...
[normal-collector] processing message...
[normal-collector] done
[file-writer-1] processing message...
[file-writer-1] done
[threshold-1] done
[sensor-1] done
[sensor-1] processing message...
[threshold-1] processing message...
[normal-collector] processing message...
[normal-collector] done
[file-writer-1] processing message...
[file-writer-1] done
[threshold-1] done
[sensor-1] done
[sensor-1] processing message...
[threshold-1] processing message...
[alert-collector] processing message...
[alert-collector] done
[threshold-1] done
[sensor-1] done
[sensor-1] processing message...
[threshold-1] processing message...
[alert-collector] processing message...
[alert-collector] done
[threshold-1] done
[sensor-1] done
[sensor-1] processing message...
[threshold-1] processing message...
[normal-collector] processing message...
[normal-collector] done
[file-writer-1] processing message...
[file-writer-1] done
[threshold-1] done
[sensor-1] done
[sensor-1] processing message...
[threshold-1] processing message...
[alert-collector] processing message...
[alert-collector] done
[threshold-1] done
[sensor-1] done
[sensor-1] processing message...
[threshold-1] processing message...
[alert-collector] processing message...
[alert-collector] done
[threshold-1] done
[sensor-1] done
[sensor-1] processing message...
[threshold-1] processing message...
[alert-collector] processing message...
[alert-collector] done
[threshold-1] done
[sensor-1] done
[sensor-1] processing message...
[threshold-1] processing message...
[alert-collector] processing message...
[alert-collector] done
[threshold-1] done
[sensor-1] done
[sensor-1] processing message...
[threshold-1] processing message...
[normal-collector] processing message...
[normal-collector] done
[file-writer-1] processing message...
[file-writer-1] done
[threshold-1] done
[sensor-1] done
[sensor-1] processing message...
[threshold-1] processing message...
[alert-collector] processing message...
[alert-collector] done
[threshold-1] done
[sensor-1] done
[normal-collector] shutdown
[alert-collector] shutdown
[sensor-1] shutdown
[threshold-1] shutdown
[timer-1] shutdown
[file-writer-1] shutdown
[Engine] 엔진 종료됨
[normal-collector] shutdown
[alert-collector] shutdown
[sensor-1] shutdown
[threshold-1] shutdown
[timer-1] shutdown
[file-writer-1] shutdown
[Engine] 엔진 종료됨
]]></system-out>
  </testcase>
  <testcase name="test4" classname="com.fbp.engine.node.FinalIntegrationTest" time="5.009">
    <system-out><![CDATA[[Engine] 플로우 'final-monitoring' 등록됨
[normal-collector] initialized
[alert-collector] initialized
[sensor-1] initialized
[threshold-1] initialized
[timer-1] initialized
[file-writer-1] initialized
[Engine] 플로우 'final-monitoring' 시작됨
[sensor-1] processing message...
[threshold-1] processing message...
[normal-collector] processing message...
[normal-collector] done
[file-writer-1] processing message...
[file-writer-1] done
[threshold-1] done
[sensor-1] done
[sensor-1] processing message...
[threshold-1] processing message...
[alert-collector] processing message...
[alert-collector] done
[threshold-1] done
[sensor-1] done
[sensor-1] processing message...
[threshold-1] processing message...
[normal-collector] processing message...
[normal-collector] done
[file-writer-1] processing message...
[file-writer-1] done
[threshold-1] done
[sensor-1] done
[sensor-1] processing message...
[threshold-1] processing message...
[alert-collector] processing message...
[alert-collector] done
[threshold-1] done
[sensor-1] done
[sensor-1] processing message...
[threshold-1] processing message...
[alert-collector] processing message...
[alert-collector] done
[threshold-1] done
[sensor-1] done
[sensor-1] processing message...
[threshold-1] processing message...
[normal-collector] processing message...
[normal-collector] done
[file-writer-1] processing message...
[file-writer-1] done
[threshold-1] done
[sensor-1] done
[sensor-1] processing message...
[threshold-1] processing message...
[normal-collector] processing message...
[normal-collector] done
[file-writer-1] processing message...
[file-writer-1] done
[threshold-1] done
[sensor-1] done
[sensor-1] processing message...
[threshold-1] processing message...
[alert-collector] processing message...
[alert-collector] done
[threshold-1] done
[sensor-1] done
[sensor-1] processing message...
[threshold-1] processing message...
[alert-collector] processing message...
[alert-collector] done
[threshold-1] done
[sensor-1] done
[sensor-1] processing message...
[threshold-1] processing message...
[normal-collector] processing message...
[normal-collector] done
[file-writer-1] processing message...
[file-writer-1] done
[threshold-1] done
[sensor-1] done
[normal-collector] shutdown
[alert-collector] shutdown
[sensor-1] shutdown
[threshold-1] shutdown
[timer-1] shutdown
[sensor-1] processing message...
[threshold-1] processing message...
[file-writer-1] shutdown
[Engine] 엔진 종료됨
[normal-collector] processing message...
[normal-collector] done
[file-writer-1] processing message...
[normal-collector] shutdown
[alert-collector] shutdown
[sensor-1] shutdown
[threshold-1] shutdown
[timer-1] shutdown
[file-writer-1] shutdown
[Engine] 엔진 종료됨
[file-writer-1] 파일 쓰기 실패: Stream closed
[file-writer-1] done
[threshold-1] done
[sensor-1] done
]]></system-out>
  </testcase>
  <testcase name="test5" classname="com.fbp.engine.node.FinalIntegrationTest" time="5.016">
    <system-out><![CDATA[[Engine] 플로우 'final-monitoring' 등록됨
[normal-collector] initialized
[alert-collector] initialized
[sensor-1] initialized
[threshold-1] initialized
[timer-1] initialized
[file-writer-1] initialized
[Engine] 플로우 'final-monitoring' 시작됨
[sensor-1] processing message...
[threshold-1] processing message...
[normal-collector] processing message...
[normal-collector] done
[file-writer-1] processing message...
[file-writer-1] done
[threshold-1] done
[sensor-1] done
[sensor-1] processing message...
[threshold-1] processing message...
[normal-collector] processing message...
[normal-collector] done
[file-writer-1] processing message...
[file-writer-1] done
[threshold-1] done
[sensor-1] done
[sensor-1] processing message...
[threshold-1] processing message...
[normal-collector] processing message...
[normal-collector] done
[file-writer-1] processing message...
[file-writer-1] done
[threshold-1] done
[sensor-1] done
[sensor-1] processing message...
[threshold-1] processing message...
[alert-collector] processing message...
[alert-collector] done
[threshold-1] done
[sensor-1] done
[sensor-1] processing message...
[threshold-1] processing message...
[alert-collector] processing message...
[alert-collector] done
[threshold-1] done
[sensor-1] done
[sensor-1] processing message...
[threshold-1] processing message...
[normal-collector] processing message...
[normal-collector] done
[file-writer-1] processing message...
[file-writer-1] done
[threshold-1] done
[sensor-1] done
[sensor-1] processing message...
[threshold-1] processing message...
[alert-collector] processing message...
[alert-collector] done
[threshold-1] done
[sensor-1] done
[sensor-1] processing message...
[threshold-1] processing message...
[alert-collector] processing message...
[alert-collector] done
[threshold-1] done
[sensor-1] done
[sensor-1] processing message...
[threshold-1] processing message...
[alert-collector] processing message...
[alert-collector] done
[threshold-1] done
[sensor-1] done
[sensor-1] processing message...
[threshold-1] processing message...
[normal-collector] processing message...
[normal-collector] done
[file-writer-1] processing message...
[file-writer-1] done
[threshold-1] done
[sensor-1] done
[normal-collector] shutdown
[alert-collector] shutdown
[sensor-1] shutdown
[threshold-1] shutdown
[timer-1] shutdown
[file-writer-1] shutdown
[Engine] 엔진 종료됨
[normal-collector] shutdown
[alert-collector] shutdown
[sensor-1] shutdown
[threshold-1] shutdown
[timer-1] shutdown
[file-writer-1] shutdown
[Engine] 엔진 종료됨
]]></system-out>
  </testcase>
  <testcase name="test6" classname="com.fbp.engine.node.FinalIntegrationTest" time="5.008">
    <system-out><![CDATA[[Engine] 플로우 'final-monitoring' 등록됨
[normal-collector] initialized
[alert-collector] initialized
[sensor-1] initialized
[threshold-1] initialized
[timer-1] initialized
[file-writer-1] initialized
[Engine] 플로우 'final-monitoring' 시작됨
[sensor-1] processing message...
[threshold-1] processing message...
[normal-collector] processing message...
[normal-collector] done
[file-writer-1] processing message...
[file-writer-1] done
[threshold-1] done
[sensor-1] done
[sensor-1] processing message...
[threshold-1] processing message...
[normal-collector] processing message...
[normal-collector] done
[file-writer-1] processing message...
[file-writer-1] done
[threshold-1] done
[sensor-1] done
[sensor-1] processing message...
[threshold-1] processing message...
[normal-collector] processing message...
[normal-collector] done
[file-writer-1] processing message...
[file-writer-1] done
[threshold-1] done
[sensor-1] done
[sensor-1] processing message...
[threshold-1] processing message...
[normal-collector] processing message...
[normal-collector] done
[file-writer-1] processing message...
[file-writer-1] done
[threshold-1] done
[sensor-1] done
[sensor-1] processing message...
[threshold-1] processing message...
[alert-collector] processing message...
[alert-collector] done
[threshold-1] done
[sensor-1] done
[sensor-1] processing message...
[threshold-1] processing message...
[normal-collector] processing message...
[normal-collector] done
[file-writer-1] processing message...
[file-writer-1] done
[threshold-1] done
[sensor-1] done
[sensor-1] processing message...
[threshold-1] processing message...
[normal-collector] processing message...
[normal-collector] done
[file-writer-1] processing message...
[file-writer-1] done
[threshold-1] done
[sensor-1] done
[sensor-1] processing message...
[threshold-1] processing message...
[normal-collector] processing message...
[normal-collector] done
[file-writer-1] processing message...
[file-writer-1] done
[threshold-1] done
[sensor-1] done
[sensor-1] processing message...
[threshold-1] processing message...
[alert-collector] processing message...
[alert-collector] done
[threshold-1] done
[sensor-1] done
[sensor-1] processing message...
[threshold-1] processing message...
[alert-collector] processing message...
[alert-collector] done
[threshold-1] done
[sensor-1] done
[sensor-1] processing message...
[threshold-1] processing message...
[alert-collector] processing message...
[alert-collector] done
[threshold-1] done
[sensor-1] done
[normal-collector] shutdown
[alert-collector] shutdown
[sensor-1] shutdown
[threshold-1] shutdown
[timer-1] shutdown
[file-writer-1] shutdown
[Engine] 엔진 종료됨
[normal-collector] shutdown
[alert-collector] shutdown
[sensor-1] shutdown
[threshold-1] shutdown
[timer-1] shutdown
[file-writer-1] shutdown
[Engine] 엔진 종료됨
]]></system-out>
  </testcase>
  <testcase name="test7" classname="com.fbp.engine.node.FinalIntegrationTest" time="5.007">
    <system-out><![CDATA[[Engine] 플로우 'final-monitoring' 등록됨
[normal-collector] initialized
[alert-collector] initialized
[sensor-1] initialized
[threshold-1] initialized
[timer-1] initialized
[file-writer-1] initialized
[Engine] 플로우 'final-monitoring' 시작됨
[sensor-1] processing message...
[threshold-1] processing message...
[alert-collector] processing message...
[alert-collector] done
[threshold-1] done
[sensor-1] done
[sensor-1] processing message...
[threshold-1] processing message...
[alert-collector] processing message...
[alert-collector] done
[threshold-1] done
[sensor-1] done
[sensor-1] processing message...
[threshold-1] processing message...
[alert-collector] processing message...
[alert-collector] done
[threshold-1] done
[sensor-1] done
[sensor-1] processing message...
[threshold-1] processing message...
[normal-collector] processing message...
[normal-collector] done
[file-writer-1] processing message...
[file-writer-1] done
[threshold-1] done
[sensor-1] done
[sensor-1] processing message...
[threshold-1] processing message...
[normal-collector] processing message...
[normal-collector] done
[file-writer-1] processing message...
[file-writer-1] done
[threshold-1] done
[sensor-1] done
[sensor-1] processing message...
[threshold-1] processing message...
[normal-collector] processing message...
[normal-collector] done
[file-writer-1] processing message...
[file-writer-1] done
[threshold-1] done
[sensor-1] done
[sensor-1] processing message...
[threshold-1] processing message...
[alert-collector] processing message...
[alert-collector] done
[threshold-1] done
[sensor-1] done
[sensor-1] processing message...
[threshold-1] processing message...
[normal-collector] processing message...
[normal-collector] done
[file-writer-1] processing message...
[file-writer-1] done
[threshold-1] done
[sensor-1] done
[sensor-1] processing message...
[threshold-1] processing message...
[normal-collector] processing message...
[normal-collector] done
[file-writer-1] processing message...
[file-writer-1] done
[threshold-1] done
[sensor-1] done
[sensor-1] processing message...
[threshold-1] processing message...
[alert-collector] processing message...
[alert-collector] done
[threshold-1] done
[sensor-1] done
[normal-collector] shutdown
[alert-collector] shutdown
[sensor-1] shutdown
[threshold-1] shutdown
[sensor-1] processing message...
[timer-1] shutdown
[threshold-1] processing message...
[alert-collector] processing message...
[alert-collector] done
[threshold-1] done
[sensor-1] done
[file-writer-1] shutdown
[Engine] 엔진 종료됨
[normal-collector] shutdown
[alert-collector] shutdown
[sensor-1] shutdown
[threshold-1] shutdown
[timer-1] shutdown
[file-writer-1] shutdown
[Engine] 엔진 종료됨
]]></system-out>
  </testcase>
</testsuite>